<?xml version="1.0" encoding="UTF-8"?>
<!-- Generated by org.testng.reporters.JUnitReportReporter -->
<testsuite skipped="0" hostname="KHAN" name="com.php.qa.tests.LoginPageTest" tests="3" failures="0" timestamp="2019-08-21T17:36:55 IST" time="40.843" errors="0">
  <testcase name="loginPageTitleTest" time="8.483" classname="com.php.qa.tests.LoginPageTest"/>
  <testcase name="phpLogoImageTest" time="7.867" classname="com.php.qa.tests.LoginPageTest"/>
  <testcase name="loginTest" time="24.493" classname="com.php.qa.tests.LoginPageTest"/>
</testsuite> <!-- com.php.qa.tests.LoginPageTest -->
